2019-01-29T06:56:16.282Z - normal: Load ~/.CocosCreator/settings.json
2019-01-29T06:56:16.285Z - normal: checking language setting...
2019-01-29T06:56:16.285Z - normal: Language: zh
2019-01-29T06:56:17.918Z - success: protocol editor-framework registered
2019-01-29T06:56:17.918Z - success: protocol app registered
2019-01-29T06:56:17.918Z - success: protocol theme registered
2019-01-29T06:56:17.918Z - success: protocol packages registered
2019-01-29T06:56:17.918Z - success: protocol unpack registerred
2019-01-29T06:56:17.918Z - success: protocol disable-commonjs registerred
2019-01-29T06:56:18.075Z - normal: connected!
2019-01-29T06:56:18.077Z - normal: Check project G:\CocosWorkSpace\client
2019-01-29T06:56:18.082Z - normal: Initializing project G:\CocosWorkSpace\client
2019-01-29T06:56:18.093Z - normal: Initializing Cocos2d
2019-01-29T06:56:18.789Z - normal: Initializing Asset Database
2019-01-29T06:56:18.832Z - success: protocol uuid registerred
2019-01-29T06:56:18.832Z - success: protocol db registerred
2019-01-29T06:56:18.833Z - success: protocol thumbnail registerred
2019-01-29T06:56:18.833Z - normal: Loading editor/builtin packages
2019-01-29T06:56:18.982Z - success: assets loaded
2019-01-29T06:56:18.984Z - success: builder loaded
2019-01-29T06:56:18.986Z - success: cocos-analytics loaded
2019-01-29T06:56:18.990Z - success: console loaded
2019-01-29T06:56:19.020Z - success: fb-instant-games loaded
2019-01-29T06:56:19.021Z - success: google-instant-games loaded
2019-01-29T06:56:19.025Z - success: hierarchy loaded
2019-01-29T06:56:19.027Z - success: inspector loaded
2019-01-29T06:56:19.028Z - success: keystore loaded
2019-01-29T06:56:19.032Z - success: node-library loaded
2019-01-29T06:56:19.033Z - success: package-asset loaded
2019-01-29T06:56:19.034Z - success: preferences loaded
2019-01-29T06:56:19.035Z - success: project-exporter loaded
2019-01-29T06:56:19.049Z - success: project-importer loaded
2019-01-29T06:56:19.050Z - success: project-settings loaded
2019-01-29T06:56:19.052Z - success: ui-kit loaded
2019-01-29T06:56:19.054Z - success: scene loaded
2019-01-29T06:56:19.055Z - success: sprite-editor loaded
2019-01-29T06:56:19.058Z - success: store loaded
2019-01-29T06:56:19.061Z - success: timeline loaded
2019-01-29T06:56:19.061Z - normal: Loading builtin packages
2019-01-29T06:56:19.071Z - success: asset-db-debugger loaded
2019-01-29T06:56:19.073Z - success: code-editor loaded
2019-01-29T06:56:19.073Z - success: color-picker loaded
2019-01-29T06:56:19.150Z - success: google-play-instant loaded
2019-01-29T06:56:19.151Z - success: jsb-adapter loaded
2019-01-29T06:56:19.155Z - success: oppo-runtime loaded
2019-01-29T06:56:19.158Z - success: package-manager loaded
2019-01-29T06:56:19.261Z - success: qqplay-adapter loaded
2019-01-29T06:56:19.265Z - success: sdkbox loaded
2019-01-29T06:56:19.267Z - success: tester loaded
2019-01-29T06:56:19.269Z - success: ui-grid loaded
2019-01-29T06:56:19.271Z - success: ui-kit-preview-extra loaded
2019-01-29T06:56:19.273Z - success: ui-kit-preview loaded
2019-01-29T06:56:19.274Z - success: ui-tree loaded
2019-01-29T06:56:19.276Z - success: vivo-runtime loaded
2019-01-29T06:56:19.277Z - success: weapp-adapter loaded
2019-01-29T06:56:20.201Z - normal: Loading packages
2019-01-29T06:56:20.207Z - normal: Watching packages
2019-01-29T06:56:20.531Z - normal: Run Application
2019-01-29T06:56:25.645Z - success: preview server running at http://localhost:7456
2019-01-29T08:03:13.360Z - info: shutdown preview server
